GROUP,PACKAGE,CLASS,INSTRUCTION_MISSED,INSTRUCTION_COVERED,BRANCH_MISSED,BRANCH_COVERED,LINE_MISSED,LINE_COVERED,COMPLEXITY_MISSED,COMPLEXITY_COVERED,METHOD_MISSED,METHOD_COVERED
hw3-santorini-dzagardo,default,Space,7,38,1,1,3,15,3,6,2,6
hw3-santorini-dzagardo,default,App,73,0,4,0,18,0,5,0,3,0
hw3-santorini-dzagardo,default,Player,7,39,0,0,3,13,2,7,2,7
hw3-santorini-dzagardo,default,Board,61,58,8,4,13,9,7,6,3,4
hw3-santorini-dzagardo,default,Game,335,108,60,14,74,15,45,4,10,2
hw3-santorini-dzagardo,default,Worker,23,35,4,0,10,10,6,5,4,5
hw3-santorini-dzagardo,default,App.Test,5,0,0,0,2,0,2,0,2,0
