<?xml version="1.0" encoding="UTF-8" standalone="yes"?><!DOCTYPE report PUBLIC "-//JACOCO//DTD Report 1.1//EN" "report.dtd"><report name="hw3-santorini-dzagardo"><sessioninfo id="Davids-MacBook-Pro.local-c527c464" start="1645385711104" dump="1645385711433"/><sessioninfo id="Davids-MacBook-Pro.local-53398e36" start="1645385938632" dump="1645385938966"/><sessioninfo id="Davids-MacBook-Pro.local-966c408b" start="1645386345647" dump="1645386345903"/><sessioninfo id="Davids-MacBook-Pro.local-5cca5ccf" start="1645386358357" dump="1645386358627"/><sessioninfo id="Davids-MacBook-Pro.local-8ccb9901" start="1645386407588" dump="1645386407962"/><sessioninfo id="Davids-MacBook-Pro.local-4bfd7433" start="1645386421672" dump="1645386421936"/><sessioninfo id="Davids-MacBook-Pro.local-3008f3c3" start="1645386434745" dump="1645386435014"/><sessioninfo id="Davids-MacBook-Pro.local-b899f18b" start="1645386465475" dump="1645386465737"/><sessioninfo id="Davids-MacBook-Pro.local-16ac8dbb" start="1645387281835" dump="1645387282105"/><sessioninfo id="Davids-MacBook-Pro.local-d58950b2" start="1645388410903" dump="1645388411301"/><sessioninfo id="Davids-MacBook-Pro.local-15d37b82" start="1645388420118" dump="1645388420373"/><sessioninfo id="Davids-MacBook-Pro.local-7d732579" start="1645388695373" dump="1645388695816"/><sessioninfo id="Davids-MacBook-Pro.local-4d6fccd" start="1645388700558" dump="1645388700796"/><sessioninfo id="Davids-MacBook-Pro.local-c11826eb" start="1645474699204" dump="1645474699620"/><sessioninfo id="Davids-MacBook-Pro.local-da5e620c" start="1645474738367" dump="1645474738629"/><sessioninfo id="Davids-MacBook-Pro.local-8d4b741f" start="1645474745315" dump="1645474745565"/><sessioninfo id="Davids-MacBook-Pro.local-2969d" start="1645474949910" dump="1645474950357"/><sessioninfo id="Davids-MacBook-Pro.local-61fbd396" start="1645475331229" dump="1645475331682"/><sessioninfo id="Davids-MacBook-Pro.local-7db130e" start="1645476493662" dump="1645476494060"/><sessioninfo id="Davids-MacBook-Pro.local-bd59d05f" start="1645476508229" dump="1645476508489"/><sessioninfo id="Davids-MacBook-Pro.local-efb220a6" start="1645477780468" dump="1645477780850"/><sessioninfo id="Davids-MacBook-Pro.local-f167aff1" start="1645477787291" dump="1645477787709"/><sessioninfo id="Davids-MacBook-Pro.local-292ae0b5" start="1645477807482" dump="1645477807701"/><sessioninfo id="Davids-MacBook-Pro.local-cb43733d" start="1645477821382" dump="1645477821618"/><sessioninfo id="Davids-MacBook-Pro.local-927058a4" start="1645478067590" dump="1645478067964"/><sessioninfo id="Davids-MacBook-Pro.local-3eea18fa" start="1645478075426" dump="1645478075653"/><sessioninfo id="Davids-MacBook-Pro.local-a4b25bc6" start="1645478153495" dump="1645478153712"/><sessioninfo id="Davids-MacBook-Pro.local-b9170486" start="1645478168102" dump="1645478168355"/><sessioninfo id="Davids-MacBook-Pro.local-50abe312" start="1645478251134" dump="1645478251556"/><sessioninfo id="Davids-MacBook-Pro.local-9ca0a7ec" start="1645478258190" dump="1645478258410"/><sessioninfo id="Davids-MacBook-Pro.local-f720710e" start="1645478277299" dump="1645478277541"/><sessioninfo id="Davids-MacBook-Pro.local-4b9f872f" start="1645478655701" dump="1645478656103"/><sessioninfo id="Davids-MacBook-Pro.local-425b6c8c" start="1645478848442" dump="1645478848814"/><sessioninfo id="Davids-MacBook-Pro.local-2c31b0d9" start="1645479711930" dump="1645479712353"/><sessioninfo id="Davids-MacBook-Pro.local-1598b9a1" start="1645479719067" dump="1645479719299"/><sessioninfo id="Davids-MacBook-Pro.local-c724faaa" start="1645484087530" dump="1645484087973"/><sessioninfo id="Davids-MacBook-Pro.local-e3f8fc23" start="1645484103549" dump="1645484103819"/><sessioninfo id="Davids-MacBook-Pro.local-46ea20b7" start="1645484145034" dump="1645484145309"/><sessioninfo id="Davids-MacBook-Pro.local-8ef13cba" start="1645484252255" dump="1645484252637"/><sessioninfo id="Davids-MacBook-Pro.local-9c9130ec" start="1645489147820" dump="1645489148270"/><sessioninfo id="Davids-MacBook-Pro.local-204fbe01" start="1645489154944" dump="1645489155185"/></report>